2025-05-09 23:36:14:INFO:*************************Test_01_Admin_Login**************************
2025-05-09 23:36:14:INFO:***********************************Verificaiton of Admin login page Title***********************************
2025-05-10 17:46:49:INFO:*************************Test_01_Admin_Login**************************
2025-05-10 17:46:49:INFO:***********************************Verificaiton of Admin login page Title***********************************
2025-05-10 17:50:50:INFO:*************************Test_01_Admin_Login**************************
2025-05-10 17:50:50:INFO:***********************************Verificaiton of Admin login page Title***********************************
2025-05-10 17:57:37:INFO:*************************Test_01_Admin_Login**************************
2025-05-10 17:57:37:INFO:***********************************Verificaiton of Admin login page Title***********************************
2025-05-10 18:25:32:INFO:*************************Test_01_Admin_Login**************************
2025-05-10 18:25:32:INFO:***********************************Verificaiton of Admin login page Title***********************************
2025-05-10 18:50:06:INFO:patching driver executable C:\Users\prash\appdata\roaming\undetected_chromedriver\undetected_chromedriver.exe
2025-05-10 18:50:06:INFO:*************************Test_01_Admin_Login**************************
2025-05-10 18:50:06:INFO:***********************************Verificaiton of Admin login page Title***********************************
2025-05-10 18:50:30:INFO:patching driver executable C:\Users\prash\appdata\roaming\undetected_chromedriver\undetected_chromedriver.exe
2025-05-10 18:50:31:INFO:*************************Test_01_Admin_Login**************************
2025-05-10 18:50:31:INFO:***********************************Verificaiton of Admin login page Title***********************************
2025-05-10 18:51:54:INFO:patching driver executable C:\Users\prash\appdata\roaming\undetected_chromedriver\undetected_chromedriver.exe
2025-05-10 18:52:38:INFO:patching driver executable C:\Users\prash\appdata\roaming\undetected_chromedriver\undetected_chromedriver.exe
2025-05-10 18:53:44:INFO:patching driver executable C:\Users\prash\appdata\roaming\undetected_chromedriver\undetected_chromedriver.exe
2025-05-10 18:53:45:INFO:*************************Test_01_Admin_Login**************************
2025-05-10 18:53:45:INFO:***********************************Verificaiton of Admin login page Title***********************************
2025-05-10 21:41:43:INFO:patching driver executable C:\Users\prash\appdata\roaming\undetected_chromedriver\undetected_chromedriver.exe
2025-05-10 23:37:48:INFO:patching driver executable C:\Users\prash\appdata\roaming\undetected_chromedriver\undetected_chromedriver.exe
2025-05-10 23:40:13:INFO:patching driver executable C:\Users\prash\appdata\roaming\undetected_chromedriver\undetected_chromedriver.exe
2025-05-10 23:40:49:INFO:patching driver executable C:\Users\prash\appdata\roaming\undetected_chromedriver\undetected_chromedriver.exe
2025-05-10 23:41:35:INFO:patching driver executable C:\Users\prash\appdata\roaming\undetected_chromedriver\undetected_chromedriver.exe
2025-05-10 23:42:14:INFO:patching driver executable C:\Users\prash\appdata\roaming\undetected_chromedriver\undetected_chromedriver.exe
2025-05-10 23:42:28:INFO:Test data is passed
2025-05-10 23:42:35:INFO:Test data is passed
2025-05-10 23:43:54:INFO:patching driver executable C:\Users\prash\appdata\roaming\undetected_chromedriver\undetected_chromedriver.exe
2025-05-10 23:44:07:INFO:Test data is passed
2025-05-10 23:44:14:INFO:Test data is passed
2025-05-10 23:52:08:INFO:patching driver executable C:\Users\prash\appdata\roaming\undetected_chromedriver\undetected_chromedriver.exe
2025-05-10 23:52:16:INFO:Test data is passed
2025-05-10 23:52:21:INFO:Test data is passed
2025-05-10 23:52:53:INFO:patching driver executable C:\Users\prash\appdata\roaming\undetected_chromedriver\undetected_chromedriver.exe
2025-05-10 23:53:04:INFO:Test data is passed
2025-05-10 23:53:08:INFO:Test data is passed
2025-05-10 23:54:24:INFO:patching driver executable C:\Users\prash\appdata\roaming\undetected_chromedriver\undetected_chromedriver.exe
2025-05-10 23:54:33:INFO:Test data is passed
2025-05-10 23:54:38:INFO:Test data is passed
2025-05-10 23:59:45:INFO:patching driver executable C:\Users\prash\appdata\roaming\undetected_chromedriver\undetected_chromedriver.exe
2025-05-11 00:01:03:INFO:patching driver executable C:\Users\prash\appdata\roaming\undetected_chromedriver\undetected_chromedriver.exe
2025-05-11 00:01:12:INFO:Test data is passed
2025-05-11 00:01:16:INFO:Test data is passed
2025-05-11 00:02:25:INFO:patching driver executable C:\Users\prash\appdata\roaming\undetected_chromedriver\undetected_chromedriver.exe
2025-05-11 00:02:57:INFO:patching driver executable C:\Users\prash\appdata\roaming\undetected_chromedriver\undetected_chromedriver.exe
2025-05-11 00:04:24:INFO:patching driver executable C:\Users\prash\appdata\roaming\undetected_chromedriver\undetected_chromedriver.exe
2025-05-11 00:04:31:INFO:Test data is passed
2025-05-11 00:04:36:INFO:Test data is passed
2025-05-11 00:04:38:INFO:Test data is passed
2025-05-11 00:04:38:INFO:Test admin data driven test is Passed
2025-05-11 00:05:36:INFO:patching driver executable C:\Users\prash\appdata\roaming\undetected_chromedriver\undetected_chromedriver.exe
2025-05-11 00:05:43:INFO:Test data is passed
2025-05-11 00:05:47:INFO:Test data is passed
2025-05-11 00:05:50:INFO:Test data is passed
2025-05-11 00:05:50:INFO:Test admin data driven test is Passed
2025-05-11 12:12:12:INFO:patching driver executable C:\Users\prash\appdata\roaming\undetected_chromedriver\undetected_chromedriver.exe
2025-05-11 12:12:13:INFO:*************************Test_01_Admin_Login**************************
2025-05-11 12:12:13:INFO:***********************************Verificaiton of Admin login page Title***********************************
2025-05-11 23:46:47:INFO:patching driver executable C:\Users\prash\appdata\roaming\undetected_chromedriver\undetected_chromedriver.exe
2025-05-11 23:47:25:INFO:patching driver executable C:\Users\prash\appdata\roaming\undetected_chromedriver\undetected_chromedriver.exe
2025-05-11 23:49:23:INFO:Test data is Failed
2025-05-11 23:51:52:INFO:patching driver executable C:\Users\prash\appdata\roaming\undetected_chromedriver\undetected_chromedriver.exe
2025-05-11 23:52:02:INFO:Test data is passed
2025-05-11 23:52:06:INFO:Test data is passed
2025-05-11 23:52:08:INFO:Test data is passed
2025-05-11 23:52:08:INFO:Test admin data driven test is Passed
2025-05-11 23:52:35:INFO:patching driver executable C:\Users\prash\appdata\roaming\undetected_chromedriver\undetected_chromedriver.exe
2025-05-11 23:52:35:INFO:*************************Test_01_Admin_Login**************************
2025-05-11 23:52:35:INFO:***********************************Verificaiton of Admin login page Title***********************************
2025-05-14 21:27:01:INFO:patching driver executable C:\Users\prash\appdata\roaming\undetected_chromedriver\undetected_chromedriver.exe
2025-05-14 21:27:02:INFO:*******************Test_03_add_new_user Started**************************
2025-05-14 21:27:11:INFO:*************Login Completed****************
2025-05-14 21:27:11:INFO:*****************Starting Add Customer Test************************
2025-05-14 21:27:13:INFO:**************Providing Customer info started ************************
2025-05-14 21:34:01:INFO:patching driver executable C:\Users\prash\appdata\roaming\undetected_chromedriver\undetected_chromedriver.exe
2025-05-14 21:34:02:INFO:*******************Test_03_add_new_user Started**************************
2025-05-14 21:34:07:INFO:*************Login Completed****************
2025-05-14 21:34:07:INFO:*****************Starting Add Customer Test************************
2025-05-14 21:34:09:INFO:**************Providing Customer info started ************************
2025-05-14 21:34:55:INFO:patching driver executable C:\Users\prash\appdata\roaming\undetected_chromedriver\undetected_chromedriver.exe
2025-05-14 21:34:56:INFO:*******************Test_03_add_new_user Started**************************
2025-05-14 21:35:03:INFO:*************Login Completed****************
2025-05-14 21:35:03:INFO:*****************Starting Add Customer Test************************
2025-05-14 21:35:05:INFO:**************Providing Customer info started ************************
2025-05-14 21:39:31:INFO:patching driver executable C:\Users\prash\appdata\roaming\undetected_chromedriver\undetected_chromedriver.exe
2025-05-14 21:39:32:INFO:*******************Test_03_add_new_user Started**************************
2025-05-14 21:39:37:INFO:*************Login Completed****************
2025-05-14 21:39:37:INFO:*****************Starting Add Customer Test************************
2025-05-14 21:39:39:INFO:**************Providing Customer info started ************************
2025-05-14 21:43:37:INFO:patching driver executable C:\Users\prash\appdata\roaming\undetected_chromedriver\undetected_chromedriver.exe
2025-05-14 21:43:38:INFO:*******************Test_03_add_new_user Started**************************
2025-05-14 21:43:41:INFO:*************Login Completed****************
2025-05-14 21:43:41:INFO:*****************Starting Add Customer Test************************
2025-05-14 21:43:47:INFO:**************Providing Customer info started ************************
2025-05-14 21:47:28:INFO:patching driver executable C:\Users\prash\appdata\roaming\undetected_chromedriver\undetected_chromedriver.exe
2025-05-14 21:47:29:INFO:*******************Test_03_add_new_user Started**************************
2025-05-14 21:47:34:INFO:*************Login Completed****************
2025-05-14 21:47:34:INFO:*****************Starting Add Customer Test************************
2025-05-14 21:47:35:INFO:**************Providing Customer info started ************************
2025-05-14 21:50:46:INFO:patching driver executable C:\Users\prash\appdata\roaming\undetected_chromedriver\undetected_chromedriver.exe
2025-05-14 21:50:47:INFO:*******************Test_03_add_new_user Started**************************
2025-05-14 21:50:54:INFO:*************Login Completed****************
2025-05-14 21:50:54:INFO:*****************Starting Add Customer Test************************
2025-05-14 21:50:56:INFO:**************Providing Customer info started ************************
2025-05-14 21:50:57:INFO:******************Test Store 2 Selected**********************
2025-05-14 21:55:05:INFO:patching driver executable C:\Users\prash\appdata\roaming\undetected_chromedriver\undetected_chromedriver.exe
2025-05-14 21:55:06:INFO:*******************Test_03_add_new_user Started**************************
2025-05-14 21:55:14:INFO:*************Login Completed****************
2025-05-14 21:55:14:INFO:*****************Starting Add Customer Test************************
2025-05-14 21:55:15:INFO:**************Providing Customer info started ************************
2025-05-14 21:55:16:INFO:******************Test Store 2 Selected**********************
2025-05-14 21:56:05:INFO:patching driver executable C:\Users\prash\appdata\roaming\undetected_chromedriver\undetected_chromedriver.exe
2025-05-14 21:56:05:INFO:*******************Test_03_add_new_user Started**************************
2025-05-14 21:56:11:INFO:*************Login Completed****************
2025-05-14 21:56:11:INFO:*****************Starting Add Customer Test************************
2025-05-14 21:56:12:INFO:**************Providing Customer info started ************************
2025-05-14 21:56:13:INFO:******************Test Store 2 Selected**********************
2025-05-14 21:56:48:INFO:patching driver executable C:\Users\prash\appdata\roaming\undetected_chromedriver\undetected_chromedriver.exe
2025-05-14 21:56:49:INFO:*******************Test_03_add_new_user Started**************************
2025-05-14 21:56:54:INFO:*************Login Completed****************
2025-05-14 21:56:54:INFO:*****************Starting Add Customer Test************************
2025-05-14 21:56:56:INFO:**************Providing Customer info started ************************
2025-05-14 21:56:56:INFO:******************Test Store 2 Selected**********************
2025-05-14 21:58:50:INFO:patching driver executable C:\Users\prash\appdata\roaming\undetected_chromedriver\undetected_chromedriver.exe
2025-05-14 21:58:51:INFO:*******************Test_03_add_new_user Started**************************
2025-05-14 21:58:56:INFO:*************Login Completed****************
2025-05-14 21:58:56:INFO:*****************Starting Add Customer Test************************
2025-05-14 21:58:58:INFO:**************Providing Customer info started ************************
2025-05-14 21:58:59:INFO:******************Test Store 2 Selected**********************
2025-05-14 22:00:13:INFO:patching driver executable C:\Users\prash\appdata\roaming\undetected_chromedriver\undetected_chromedriver.exe
2025-05-14 22:00:14:INFO:*******************Test_03_add_new_user Started**************************
2025-05-14 22:00:20:INFO:*************Login Completed****************
2025-05-14 22:00:20:INFO:*****************Starting Add Customer Test************************
2025-05-14 22:00:21:INFO:**************Providing Customer info started ************************
2025-05-14 22:00:22:INFO:******************Test Store 2 Selected**********************
2025-05-14 22:01:52:INFO:patching driver executable C:\Users\prash\appdata\roaming\undetected_chromedriver\undetected_chromedriver.exe
2025-05-14 22:01:53:INFO:*******************Test_03_add_new_user Started**************************
2025-05-14 22:02:00:INFO:*************Login Completed****************
2025-05-14 22:02:00:INFO:*****************Starting Add Customer Test************************
2025-05-14 22:02:02:INFO:**************Providing Customer info started ************************
2025-05-14 22:02:03:INFO:******************Test Store 2 Selected**********************
2025-05-14 22:06:33:INFO:patching driver executable C:\Users\prash\appdata\roaming\undetected_chromedriver\undetected_chromedriver.exe
2025-05-14 22:06:34:INFO:*******************Test_03_add_new_user Started**************************
2025-05-14 22:06:39:INFO:*************Login Completed****************
2025-05-14 22:06:39:INFO:*****************Starting Add Customer Test************************
2025-05-14 22:06:41:INFO:**************Providing Customer info started ************************
2025-05-14 22:06:42:INFO:******************Test Store 2 Selected**********************
2025-05-14 22:08:53:INFO:patching driver executable C:\Users\prash\appdata\roaming\undetected_chromedriver\undetected_chromedriver.exe
2025-05-14 22:08:54:INFO:*******************Test_03_add_new_user Started**************************
2025-05-14 22:08:59:INFO:*************Login Completed****************
2025-05-14 22:08:59:INFO:*****************Starting Add Customer Test************************
2025-05-14 22:09:01:INFO:**************Providing Customer info started ************************
2025-05-14 22:09:01:INFO:******************Test Store 2 Selected**********************
2025-05-14 22:10:17:INFO:patching driver executable C:\Users\prash\appdata\roaming\undetected_chromedriver\undetected_chromedriver.exe
2025-05-14 22:10:18:INFO:*******************Test_03_add_new_user Started**************************
2025-05-14 22:10:23:INFO:*************Login Completed****************
2025-05-14 22:10:23:INFO:*****************Starting Add Customer Test************************
2025-05-14 22:10:25:INFO:**************Providing Customer info started ************************
2025-05-14 22:10:25:INFO:******************Test Store 2 Selected**********************
2025-05-14 22:11:28:INFO:patching driver executable C:\Users\prash\appdata\roaming\undetected_chromedriver\undetected_chromedriver.exe
2025-05-14 22:11:29:INFO:*******************Test_03_add_new_user Started**************************
2025-05-14 22:11:35:INFO:*************Login Completed****************
2025-05-14 22:11:35:INFO:*****************Starting Add Customer Test************************
2025-05-14 22:11:36:INFO:**************Providing Customer info started ************************
2025-05-14 22:11:37:INFO:******************Test Store 2 Selected**********************
2025-05-22 21:32:47:INFO:patching driver executable C:\Users\prash\appdata\roaming\undetected_chromedriver\undetected_chromedriver.exe
2025-05-22 21:32:49:INFO:*******************Test_03_add_new_user Started**************************
2025-05-22 21:32:54:INFO:*************Login Completed****************
2025-05-22 21:32:54:INFO:*****************Starting Add Customer Test************************
2025-05-22 21:32:56:INFO:**************Providing Customer info started ************************
2025-05-22 21:32:57:INFO:******************Test Store 2 Selected**********************
2025-05-22 21:33:16:INFO:patching driver executable C:\Users\prash\appdata\roaming\undetected_chromedriver\undetected_chromedriver.exe
2025-05-22 21:33:18:INFO:*******************Test_03_add_new_user Started**************************
2025-05-22 21:33:23:INFO:*************Login Completed****************
2025-05-22 21:33:23:INFO:*****************Starting Add Customer Test************************
2025-05-22 21:33:24:INFO:**************Providing Customer info started ************************
2025-05-22 21:33:25:INFO:******************Test Store 2 Selected**********************
2025-05-22 21:34:23:INFO:patching driver executable C:\Users\prash\appdata\roaming\undetected_chromedriver\undetected_chromedriver.exe
2025-05-22 21:34:25:INFO:*******************Test_03_add_new_user Started**************************
2025-05-22 21:34:29:INFO:*************Login Completed****************
2025-05-22 21:34:29:INFO:*****************Starting Add Customer Test************************
2025-05-22 21:34:32:INFO:**************Providing Customer info started ************************
2025-05-22 21:34:33:INFO:******************Test Store 2 Selected**********************
2025-05-22 21:36:05:INFO:patching driver executable C:\Users\prash\appdata\roaming\undetected_chromedriver\undetected_chromedriver.exe
2025-05-22 21:36:08:INFO:*******************Test_03_add_new_user Started**************************
2025-05-22 21:36:12:INFO:*************Login Completed****************
2025-05-22 21:36:12:INFO:*****************Starting Add Customer Test************************
2025-05-22 21:36:13:INFO:**************Providing Customer info started ************************
2025-05-22 21:36:14:INFO:******************Test Store 2 Selected**********************
